Started GET "/" for ::1 at 2022-12-21 21:06:48 +0900
Processing by Rails::WelcomeController#index as HTML
  Rendering C:/Ruby30-x64/lib/ruby/gems/3.0.0/gems/railties-7.0.4/lib/rails/templates/rails/welcome/index.html.erb
  Rendered C:/Ruby30-x64/lib/ruby/gems/3.0.0/gems/railties-7.0.4/lib/rails/templates/rails/welcome/index.html.erb (Duration: 9.0ms | Allocations: 956)
Completed 200 OK in 250ms (Views: 32.3ms | ActiveRecord: 0.0ms | Allocations: 8269)


Started GET "/" for ::1 at 2022-12-22 20:12:08 +0900
Processing by Rails::WelcomeController#index as HTML
  Rendering C:/Ruby30-x64/lib/ruby/gems/3.0.0/gems/railties-7.0.4/lib/rails/templates/rails/welcome/index.html.erb
  Rendered C:/Ruby30-x64/lib/ruby/gems/3.0.0/gems/railties-7.0.4/lib/rails/templates/rails/welcome/index.html.erb (Duration: 34.9ms | Allocations: 830)
Completed 200 OK in 126ms (Views: 63.1ms | ActiveRecord: 0.0ms | Allocations: 6752)


Started GET "/" for ::1 at 2022-12-22 20:12:48 +0900
Processing by Rails::WelcomeController#index as HTML
  Rendering C:/Ruby30-x64/lib/ruby/gems/3.0.0/gems/railties-7.0.4/lib/rails/templates/rails/welcome/index.html.erb
  Rendered C:/Ruby30-x64/lib/ruby/gems/3.0.0/gems/railties-7.0.4/lib/rails/templates/rails/welcome/index.html.erb (Duration: 1.9ms | Allocations: 487)
Completed 200 OK in 10ms (Views: 5.9ms | ActiveRecord: 0.0ms | Allocations: 1488)


Started GET "/" for 127.0.0.1 at 2022-12-27 00:26:10 +0900
Processing by Rails::WelcomeController#index as HTML
  Rendering C:/Ruby30-x64/lib/ruby/gems/3.0.0/gems/railties-7.0.4/lib/rails/templates/rails/welcome/index.html.erb
  Rendered C:/Ruby30-x64/lib/ruby/gems/3.0.0/gems/railties-7.0.4/lib/rails/templates/rails/welcome/index.html.erb (Duration: 9.0ms | Allocations: 830)
Completed 200 OK in 86ms (Views: 30.0ms | ActiveRecord: 0.0ms | Allocations: 6752)


Started GET "/" for ::1 at 2022-12-29 11:12:00 +0900
Processing by Rails::WelcomeController#index as HTML
  Rendering C:/Ruby30-x64/lib/ruby/gems/3.0.0/gems/railties-7.0.4/lib/rails/templates/rails/welcome/index.html.erb
  Rendered C:/Ruby30-x64/lib/ruby/gems/3.0.0/gems/railties-7.0.4/lib/rails/templates/rails/welcome/index.html.erb (Duration: 3.3ms | Allocations: 490)
Completed 200 OK in 14ms (Views: 7.8ms | Allocations: 1477)


Started GET "/" for ::1 at 2022-12-29 11:44:56 +0900
Processing by Rails::WelcomeController#index as HTML
  Rendering C:/Ruby30-x64/lib/ruby/gems/3.0.0/gems/railties-7.0.4/lib/rails/templates/rails/welcome/index.html.erb
  Rendered C:/Ruby30-x64/lib/ruby/gems/3.0.0/gems/railties-7.0.4/lib/rails/templates/rails/welcome/index.html.erb (Duration: 1.3ms | Allocations: 16)
Completed 200 OK in 10ms (Views: 4.1ms | Allocations: 313)


